<?xml version="1.0" encoding="UTF-8"?>
<TestRun id="2cddea40-a2e6-41e8-9e9b-0c5fdf4ce490" name="Administrator@MANJUNATH 2011-03-07 17:50:58" runUser="MANJUNATH\Administrator" xmlns="http://microsoft.com/schemas/VisualStudio/TeamTest/2010">
  <TestSettings name="Local" id="45e0df11-2752-4fbe-8a5c-feebb6b64842">
    <Description>These are default test settings for a local test run.</Description>
    <Deployment enabled="false" runDeploymentRoot="Administrator_MANJUNATH 2011-03-07 17_50_58">
      <DeploymentItem filename="C:\Documents and Settings\Administrator\My Documents\Visual Studio 2010\Projects\ABCBank\ABCBank\bin\Debug\ABCBank.dll" />
    </Deployment>
    <Execution>
      <TestTypeSpecific />
      <AgentRule name="Execution Agents">
      </AgentRule>
    </Execution>
  </TestSettings>
  <Times creation="2011-03-07T17:50:58.5625000+05:30" queuing="2011-03-07T17:50:58.5937500+05:30" start="2011-03-07T17:50:58.6093750+05:30" finish="2011-03-07T17:50:59.1093750+05:30" />
  <ResultSummary outcome="Completed">
    <Counters total="7" executed="7" passed="7" error="0" failed="0" timeout="0" aborted="0" inconclusive="0" passedButRunAborted="0" notRunnable="0" notExecuted="0" disconnected="0" warning="0" completed="0" inProgress="0" pending="0" />
  </ResultSummary>
  <TestDefinitions>
    <UnitTest name="TestUserShouldBeAbleToDepositAmounttoAccount" storage="c:\documents and settings\administrator\my documents\visual studio 2010\projects\abcbank\testabcbank\testabcbank\bin\debug\testabcbank.dll" id="d6226520-4bdb-a246-f9a4-888a484bf2c8">
      <Execution id="4a9cc017-9955-4b70-9c68-5da6386abb47" />
      <TestMethod codeBase="C:/Documents and Settings/Administrator/My Documents/Visual Studio 2010/Projects/ABCBank/TestABCBank/TestABCBank/bin/Debug/TestABCBank.DLL" adapterTypeName="Microsoft.VisualStudio.TestTools.TestTypes.Unit.UnitTestAdapter, Microsoft.VisualStudio.QualityTools.Tips.UnitTest.Adapter, Version=10.0.0.0, Culture=neutral, PublicKeyToken=b03f5f7f11d50a3a" className="TestABCBank.TestABCBank, TestABCBank, Version=1.0.0.0, Culture=neutral, PublicKeyToken=null" name="TestUserShouldBeAbleToDepositAmounttoAccount" />
    </UnitTest>
    <UnitTest name="TestShouldBeAbleToOpenAccountForAUser" storage="c:\documents and settings\administrator\my documents\visual studio 2010\projects\abcbank\testabcbank\testabcbank\bin\debug\testabcbank.dll" id="d3e09995-aead-78fe-6fa0-62b939aa76e3">
      <Execution id="1ebd7b3c-03a5-4315-b012-b90f39477b82" />
      <TestMethod codeBase="C:/Documents and Settings/Administrator/My Documents/Visual Studio 2010/Projects/ABCBank/TestABCBank/TestABCBank/bin/Debug/TestABCBank.DLL" adapterTypeName="Microsoft.VisualStudio.TestTools.TestTypes.Unit.UnitTestAdapter, Microsoft.VisualStudio.QualityTools.Tips.UnitTest.Adapter, Version=10.0.0.0, Culture=neutral, PublicKeyToken=b03f5f7f11d50a3a" className="TestABCBank.TestABCBank, TestABCBank, Version=1.0.0.0, Culture=neutral, PublicKeyToken=null" name="TestShouldBeAbleToOpenAccountForAUser" />
    </UnitTest>
    <UnitTest name="TestShouldBeAbleToOpenCurrentAccountForAUser" storage="c:\documents and settings\administrator\my documents\visual studio 2010\projects\abcbank\testabcbank\testabcbank\bin\debug\testabcbank.dll" id="d7e26e5b-78cf-862a-100a-09453089ead9">
      <Execution id="35c2c70f-0b82-441d-b48b-fa4fa42d9118" />
      <TestMethod codeBase="C:/Documents and Settings/Administrator/My Documents/Visual Studio 2010/Projects/ABCBank/TestABCBank/TestABCBank/bin/Debug/TestABCBank.DLL" adapterTypeName="Microsoft.VisualStudio.TestTools.TestTypes.Unit.UnitTestAdapter, Microsoft.VisualStudio.QualityTools.Tips.UnitTest.Adapter, Version=10.0.0.0, Culture=neutral, PublicKeyToken=b03f5f7f11d50a3a" className="TestABCBank.TestABCBank, TestABCBank, Version=1.0.0.0, Culture=neutral, PublicKeyToken=null" name="TestShouldBeAbleToOpenCurrentAccountForAUser" />
    </UnitTest>
    <UnitTest name="TestShouldBeAbleToOpenSavingsAccountForAUser" storage="c:\documents and settings\administrator\my documents\visual studio 2010\projects\abcbank\testabcbank\testabcbank\bin\debug\testabcbank.dll" id="17f50587-19d8-dde3-bd5b-cb76306ace24">
      <Execution id="d96d4f12-ec64-40b8-830b-afc70fce5789" />
      <TestMethod codeBase="C:/Documents and Settings/Administrator/My Documents/Visual Studio 2010/Projects/ABCBank/TestABCBank/TestABCBank/bin/Debug/TestABCBank.DLL" adapterTypeName="Microsoft.VisualStudio.TestTools.TestTypes.Unit.UnitTestAdapter, Microsoft.VisualStudio.QualityTools.Tips.UnitTest.Adapter, Version=10.0.0.0, Culture=neutral, PublicKeyToken=b03f5f7f11d50a3a" className="TestABCBank.TestABCBank, TestABCBank, Version=1.0.0.0, Culture=neutral, PublicKeyToken=null" name="TestShouldBeAbleToOpenSavingsAccountForAUser" />
    </UnitTest>
    <UnitTest name="TestToCheckIftwoAccountsGenerateDifferentAccountNumber" storage="c:\documents and settings\administrator\my documents\visual studio 2010\projects\abcbank\testabcbank\testabcbank\bin\debug\testabcbank.dll" id="b91fa616-0ff2-9a17-40a2-80c6140b954d">
      <Execution id="63083431-ec54-4d08-9708-bcc65f45d0d4" />
      <TestMethod codeBase="C:/Documents and Settings/Administrator/My Documents/Visual Studio 2010/Projects/ABCBank/TestABCBank/TestABCBank/bin/Debug/TestABCBank.DLL" adapterTypeName="Microsoft.VisualStudio.TestTools.TestTypes.Unit.UnitTestAdapter, Microsoft.VisualStudio.QualityTools.Tips.UnitTest.Adapter, Version=10.0.0.0, Culture=neutral, PublicKeyToken=b03f5f7f11d50a3a" className="TestABCBank.TestABCBank, TestABCBank, Version=1.0.0.0, Culture=neutral, PublicKeyToken=null" name="TestToCheckIftwoAccountsGenerateDifferentAccountNumber" />
    </UnitTest>
    <UnitTest name="TestUserShouldNotBeAbleToWithdrawAmountBeyondPreviousBalanceFromAccount" storage="c:\documents and settings\administrator\my documents\visual studio 2010\projects\abcbank\testabcbank\testabcbank\bin\debug\testabcbank.dll" id="ef1a20ca-3287-da58-98a3-914047588bce">
      <Execution id="dc815ee5-3992-4ad2-b552-630f99f215f2" />
      <TestMethod codeBase="C:/Documents and Settings/Administrator/My Documents/Visual Studio 2010/Projects/ABCBank/TestABCBank/TestABCBank/bin/Debug/TestABCBank.DLL" adapterTypeName="Microsoft.VisualStudio.TestTools.TestTypes.Unit.UnitTestAdapter, Microsoft.VisualStudio.QualityTools.Tips.UnitTest.Adapter, Version=10.0.0.0, Culture=neutral, PublicKeyToken=b03f5f7f11d50a3a" className="TestABCBank.TestABCBank, TestABCBank, Version=1.0.0.0, Culture=neutral, PublicKeyToken=null" name="TestUserShouldNotBeAbleToWithdrawAmountBeyondPreviousBalanceFromAccount" />
    </UnitTest>
    <UnitTest name="TestUserShouldBeAbleToWithdrawAmountFromAccount" storage="c:\documents and settings\administrator\my documents\visual studio 2010\projects\abcbank\testabcbank\testabcbank\bin\debug\testabcbank.dll" id="eea61b94-a41c-8532-c3ee-0fbb1654ba0e">
      <Execution id="f33f7347-e2c5-4a8a-87cf-64131435762a" />
      <TestMethod codeBase="C:/Documents and Settings/Administrator/My Documents/Visual Studio 2010/Projects/ABCBank/TestABCBank/TestABCBank/bin/Debug/TestABCBank.DLL" adapterTypeName="Microsoft.VisualStudio.TestTools.TestTypes.Unit.UnitTestAdapter, Microsoft.VisualStudio.QualityTools.Tips.UnitTest.Adapter, Version=10.0.0.0, Culture=neutral, PublicKeyToken=b03f5f7f11d50a3a" className="TestABCBank.TestABCBank, TestABCBank, Version=1.0.0.0, Culture=neutral, PublicKeyToken=null" name="TestUserShouldBeAbleToWithdrawAmountFromAccount" />
    </UnitTest>
  </TestDefinitions>
  <TestLists>
    <TestList name="Results Not in a List" id="8c84fa94-04c1-424b-9868-57a2d4851a1d" />
    <TestList name="All Loaded Results" id="19431567-8539-422a-85d7-44ee4e166bda" />
  </TestLists>
  <TestEntries>
    <TestEntry testId="17f50587-19d8-dde3-bd5b-cb76306ace24" executionId="d96d4f12-ec64-40b8-830b-afc70fce5789" testListId="8c84fa94-04c1-424b-9868-57a2d4851a1d" />
    <TestEntry testId="b91fa616-0ff2-9a17-40a2-80c6140b954d" executionId="63083431-ec54-4d08-9708-bcc65f45d0d4" testListId="8c84fa94-04c1-424b-9868-57a2d4851a1d" />
    <TestEntry testId="d7e26e5b-78cf-862a-100a-09453089ead9" executionId="35c2c70f-0b82-441d-b48b-fa4fa42d9118" testListId="8c84fa94-04c1-424b-9868-57a2d4851a1d" />
    <TestEntry testId="d3e09995-aead-78fe-6fa0-62b939aa76e3" executionId="1ebd7b3c-03a5-4315-b012-b90f39477b82" testListId="8c84fa94-04c1-424b-9868-57a2d4851a1d" />
    <TestEntry testId="d6226520-4bdb-a246-f9a4-888a484bf2c8" executionId="4a9cc017-9955-4b70-9c68-5da6386abb47" testListId="8c84fa94-04c1-424b-9868-57a2d4851a1d" />
    <TestEntry testId="eea61b94-a41c-8532-c3ee-0fbb1654ba0e" executionId="f33f7347-e2c5-4a8a-87cf-64131435762a" testListId="8c84fa94-04c1-424b-9868-57a2d4851a1d" />
    <TestEntry testId="ef1a20ca-3287-da58-98a3-914047588bce" executionId="dc815ee5-3992-4ad2-b552-630f99f215f2" testListId="8c84fa94-04c1-424b-9868-57a2d4851a1d" />
  </TestEntries>
  <Results>
    <UnitTestResult executionId="d96d4f12-ec64-40b8-830b-afc70fce5789" testId="17f50587-19d8-dde3-bd5b-cb76306ace24" testName="TestShouldBeAbleToOpenSavingsAccountForAUser" computerName="MANJUNATH" duration="00:00:00.0239786" startTime="2011-03-07T17:50:58.6093750+05:30" endTime="2011-03-07T17:50:58.9531250+05:30" testType="13cdc9d9-ddb5-4fa4-a97d-d965ccfc6d4b" outcome="Passed" testListId="8c84fa94-04c1-424b-9868-57a2d4851a1d" relativeResultsDirectory="d96d4f12-ec64-40b8-830b-afc70fce5789">
    </UnitTestResult>
    <UnitTestResult executionId="63083431-ec54-4d08-9708-bcc65f45d0d4" testId="b91fa616-0ff2-9a17-40a2-80c6140b954d" testName="TestToCheckIftwoAccountsGenerateDifferentAccountNumber" computerName="MANJUNATH" duration="00:00:00.0004336" startTime="2011-03-07T17:50:58.9687500+05:30" endTime="2011-03-07T17:50:58.9843750+05:30" testType="13cdc9d9-ddb5-4fa4-a97d-d965ccfc6d4b" outcome="Passed" testListId="8c84fa94-04c1-424b-9868-57a2d4851a1d" relativeResultsDirectory="63083431-ec54-4d08-9708-bcc65f45d0d4">
    </UnitTestResult>
    <UnitTestResult executionId="35c2c70f-0b82-441d-b48b-fa4fa42d9118" testId="d7e26e5b-78cf-862a-100a-09453089ead9" testName="TestShouldBeAbleToOpenCurrentAccountForAUser" computerName="MANJUNATH" duration="00:00:00.0003979" startTime="2011-03-07T17:50:58.9843750+05:30" endTime="2011-03-07T17:50:59.0000000+05:30" testType="13cdc9d9-ddb5-4fa4-a97d-d965ccfc6d4b" outcome="Passed" testListId="8c84fa94-04c1-424b-9868-57a2d4851a1d" relativeResultsDirectory="35c2c70f-0b82-441d-b48b-fa4fa42d9118">
    </UnitTestResult>
    <UnitTestResult executionId="1ebd7b3c-03a5-4315-b012-b90f39477b82" testId="d3e09995-aead-78fe-6fa0-62b939aa76e3" testName="TestShouldBeAbleToOpenAccountForAUser" computerName="MANJUNATH" duration="00:00:00.0010344" startTime="2011-03-07T17:50:59.0156250+05:30" endTime="2011-03-07T17:50:59.0156250+05:30" testType="13cdc9d9-ddb5-4fa4-a97d-d965ccfc6d4b" outcome="Passed" testListId="8c84fa94-04c1-424b-9868-57a2d4851a1d" relativeResultsDirectory="1ebd7b3c-03a5-4315-b012-b90f39477b82">
    </UnitTestResult>
    <UnitTestResult executionId="4a9cc017-9955-4b70-9c68-5da6386abb47" testId="d6226520-4bdb-a246-f9a4-888a484bf2c8" testName="TestUserShouldBeAbleToDepositAmounttoAccount" computerName="MANJUNATH" duration="00:00:00.0005751" startTime="2011-03-07T17:50:59.0312500+05:30" endTime="2011-03-07T17:50:59.0468750+05:30" testType="13cdc9d9-ddb5-4fa4-a97d-d965ccfc6d4b" outcome="Passed" testListId="8c84fa94-04c1-424b-9868-57a2d4851a1d" relativeResultsDirectory="4a9cc017-9955-4b70-9c68-5da6386abb47">
    </UnitTestResult>
    <UnitTestResult executionId="f33f7347-e2c5-4a8a-87cf-64131435762a" testId="eea61b94-a41c-8532-c3ee-0fbb1654ba0e" testName="TestUserShouldBeAbleToWithdrawAmountFromAccount" computerName="MANJUNATH" duration="00:00:00.0006082" startTime="2011-03-07T17:50:59.0468750+05:30" endTime="2011-03-07T17:50:59.0625000+05:30" testType="13cdc9d9-ddb5-4fa4-a97d-d965ccfc6d4b" outcome="Passed" testListId="8c84fa94-04c1-424b-9868-57a2d4851a1d" relativeResultsDirectory="f33f7347-e2c5-4a8a-87cf-64131435762a">
    </UnitTestResult>
    <UnitTestResult executionId="dc815ee5-3992-4ad2-b552-630f99f215f2" testId="ef1a20ca-3287-da58-98a3-914047588bce" testName="TestUserShouldNotBeAbleToWithdrawAmountBeyondPreviousBalanceFromAccount" computerName="MANJUNATH" duration="00:00:00.0005480" startTime="2011-03-07T17:50:59.0625000+05:30" endTime="2011-03-07T17:50:59.0781250+05:30" testType="13cdc9d9-ddb5-4fa4-a97d-d965ccfc6d4b" outcome="Passed" testListId="8c84fa94-04c1-424b-9868-57a2d4851a1d" relativeResultsDirectory="dc815ee5-3992-4ad2-b552-630f99f215f2">
    </UnitTestResult>
  </Results>
</TestRun>