<?xml version="1.0" encoding="UTF-8"?>
<TestRun id="1ac868f6-9364-4ee2-8e1f-dccb8247c01c" name="Administrator@MANJUNATH 2011-03-07 17:44:53" runUser="MANJUNATH\Administrator" xmlns="http://microsoft.com/schemas/VisualStudio/TeamTest/2010">
  <TestSettings name="Local" id="45e0df11-2752-4fbe-8a5c-feebb6b64842">
    <Description>These are default test settings for a local test run.</Description>
    <Deployment enabled="false" runDeploymentRoot="Administrator_MANJUNATH 2011-03-07 17_44_53">
      <DeploymentItem filename="C:\Documents and Settings\Administrator\My Documents\Visual Studio 2010\Projects\ABCBank\ABCBank\bin\Debug\ABCBank.dll" />
    </Deployment>
    <Execution>
      <TestTypeSpecific />
      <AgentRule name="Execution Agents">
      </AgentRule>
    </Execution>
  </TestSettings>
  <Times creation="2011-03-07T17:44:53.1875000+05:30" queuing="2011-03-07T17:44:53.2187500+05:30" start="2011-03-07T17:44:53.2343750+05:30" finish="2011-03-07T17:44:53.7656250+05:30" />
  <ResultSummary outcome="Completed">
    <Counters total="7" executed="7" passed="7" error="0" failed="0" timeout="0" aborted="0" inconclusive="0" passedButRunAborted="0" notRunnable="0" notExecuted="0" disconnected="0" warning="0" completed="0" inProgress="0" pending="0" />
  </ResultSummary>
  <TestDefinitions>
    <UnitTest name="TestUserShouldBeAbleToDepositAmounttoAccount" storage="c:\documents and settings\administrator\my documents\visual studio 2010\projects\abcbank\testabcbank\testabcbank\bin\debug\testabcbank.dll" id="d6226520-4bdb-a246-f9a4-888a484bf2c8">
      <Execution id="a7b06098-701a-49d3-bfc1-7fc109e4b9ca" />
      <TestMethod codeBase="C:/Documents and Settings/Administrator/My Documents/Visual Studio 2010/Projects/ABCBank/TestABCBank/TestABCBank/bin/Debug/TestABCBank.DLL" adapterTypeName="Microsoft.VisualStudio.TestTools.TestTypes.Unit.UnitTestAdapter, Microsoft.VisualStudio.QualityTools.Tips.UnitTest.Adapter, Version=10.0.0.0, Culture=neutral, PublicKeyToken=b03f5f7f11d50a3a" className="TestABCBank.TestABCBank, TestABCBank, Version=1.0.0.0, Culture=neutral, PublicKeyToken=null" name="TestUserShouldBeAbleToDepositAmounttoAccount" />
    </UnitTest>
    <UnitTest name="TestShouldBeAbleToOpenAccountForAUser" storage="c:\documents and settings\administrator\my documents\visual studio 2010\projects\abcbank\testabcbank\testabcbank\bin\debug\testabcbank.dll" id="d3e09995-aead-78fe-6fa0-62b939aa76e3">
      <Execution id="d89c97bc-8e0f-48f9-9c10-0460c4d85727" />
      <TestMethod codeBase="C:/Documents and Settings/Administrator/My Documents/Visual Studio 2010/Projects/ABCBank/TestABCBank/TestABCBank/bin/Debug/TestABCBank.DLL" adapterTypeName="Microsoft.VisualStudio.TestTools.TestTypes.Unit.UnitTestAdapter, Microsoft.VisualStudio.QualityTools.Tips.UnitTest.Adapter, Version=10.0.0.0, Culture=neutral, PublicKeyToken=b03f5f7f11d50a3a" className="TestABCBank.TestABCBank, TestABCBank, Version=1.0.0.0, Culture=neutral, PublicKeyToken=null" name="TestShouldBeAbleToOpenAccountForAUser" />
    </UnitTest>
    <UnitTest name="TestShouldBeAbleToOpenCurrentAccountForAUser" storage="c:\documents and settings\administrator\my documents\visual studio 2010\projects\abcbank\testabcbank\testabcbank\bin\debug\testabcbank.dll" id="d7e26e5b-78cf-862a-100a-09453089ead9">
      <Execution id="ea43a2c5-0df7-411b-881b-1bebeca83c17" />
      <TestMethod codeBase="C:/Documents and Settings/Administrator/My Documents/Visual Studio 2010/Projects/ABCBank/TestABCBank/TestABCBank/bin/Debug/TestABCBank.DLL" adapterTypeName="Microsoft.VisualStudio.TestTools.TestTypes.Unit.UnitTestAdapter, Microsoft.VisualStudio.QualityTools.Tips.UnitTest.Adapter, Version=10.0.0.0, Culture=neutral, PublicKeyToken=b03f5f7f11d50a3a" className="TestABCBank.TestABCBank, TestABCBank, Version=1.0.0.0, Culture=neutral, PublicKeyToken=null" name="TestShouldBeAbleToOpenCurrentAccountForAUser" />
    </UnitTest>
    <UnitTest name="TestShouldBeAbleToOpenSavingsAccountForAUser" storage="c:\documents and settings\administrator\my documents\visual studio 2010\projects\abcbank\testabcbank\testabcbank\bin\debug\testabcbank.dll" id="17f50587-19d8-dde3-bd5b-cb76306ace24">
      <Execution id="de041a09-df11-410e-92ff-cef9c4ae75cc" />
      <TestMethod codeBase="C:/Documents and Settings/Administrator/My Documents/Visual Studio 2010/Projects/ABCBank/TestABCBank/TestABCBank/bin/Debug/TestABCBank.DLL" adapterTypeName="Microsoft.VisualStudio.TestTools.TestTypes.Unit.UnitTestAdapter, Microsoft.VisualStudio.QualityTools.Tips.UnitTest.Adapter, Version=10.0.0.0, Culture=neutral, PublicKeyToken=b03f5f7f11d50a3a" className="TestABCBank.TestABCBank, TestABCBank, Version=1.0.0.0, Culture=neutral, PublicKeyToken=null" name="TestShouldBeAbleToOpenSavingsAccountForAUser" />
    </UnitTest>
    <UnitTest name="TestToCheckIftwoAccountsGenerateDifferentAccountNumber" storage="c:\documents and settings\administrator\my documents\visual studio 2010\projects\abcbank\testabcbank\testabcbank\bin\debug\testabcbank.dll" id="b91fa616-0ff2-9a17-40a2-80c6140b954d">
      <Execution id="c58e93d3-7665-4181-a99e-6841c8f6abbe" />
      <TestMethod codeBase="C:/Documents and Settings/Administrator/My Documents/Visual Studio 2010/Projects/ABCBank/TestABCBank/TestABCBank/bin/Debug/TestABCBank.DLL" adapterTypeName="Microsoft.VisualStudio.TestTools.TestTypes.Unit.UnitTestAdapter, Microsoft.VisualStudio.QualityTools.Tips.UnitTest.Adapter, Version=10.0.0.0, Culture=neutral, PublicKeyToken=b03f5f7f11d50a3a" className="TestABCBank.TestABCBank, TestABCBank, Version=1.0.0.0, Culture=neutral, PublicKeyToken=null" name="TestToCheckIftwoAccountsGenerateDifferentAccountNumber" />
    </UnitTest>
    <UnitTest name="TestUserShouldNotBeAbleToWithdrawAmountBeyondPreviousBalanceFromAccount" storage="c:\documents and settings\administrator\my documents\visual studio 2010\projects\abcbank\testabcbank\testabcbank\bin\debug\testabcbank.dll" id="ef1a20ca-3287-da58-98a3-914047588bce">
      <Execution id="87df00c5-a948-463e-b725-8592073aea72" />
      <TestMethod codeBase="C:/Documents and Settings/Administrator/My Documents/Visual Studio 2010/Projects/ABCBank/TestABCBank/TestABCBank/bin/Debug/TestABCBank.DLL" adapterTypeName="Microsoft.VisualStudio.TestTools.TestTypes.Unit.UnitTestAdapter, Microsoft.VisualStudio.QualityTools.Tips.UnitTest.Adapter, Version=10.0.0.0, Culture=neutral, PublicKeyToken=b03f5f7f11d50a3a" className="TestABCBank.TestABCBank, TestABCBank, Version=1.0.0.0, Culture=neutral, PublicKeyToken=null" name="TestUserShouldNotBeAbleToWithdrawAmountBeyondPreviousBalanceFromAccount" />
    </UnitTest>
    <UnitTest name="TestUserShouldBeAbleToWithdrawAmountFromAccount" storage="c:\documents and settings\administrator\my documents\visual studio 2010\projects\abcbank\testabcbank\testabcbank\bin\debug\testabcbank.dll" id="eea61b94-a41c-8532-c3ee-0fbb1654ba0e">
      <Execution id="c46fae4b-ff71-4998-b908-be0ee8fef692" />
      <TestMethod codeBase="C:/Documents and Settings/Administrator/My Documents/Visual Studio 2010/Projects/ABCBank/TestABCBank/TestABCBank/bin/Debug/TestABCBank.DLL" adapterTypeName="Microsoft.VisualStudio.TestTools.TestTypes.Unit.UnitTestAdapter, Microsoft.VisualStudio.QualityTools.Tips.UnitTest.Adapter, Version=10.0.0.0, Culture=neutral, PublicKeyToken=b03f5f7f11d50a3a" className="TestABCBank.TestABCBank, TestABCBank, Version=1.0.0.0, Culture=neutral, PublicKeyToken=null" name="TestUserShouldBeAbleToWithdrawAmountFromAccount" />
    </UnitTest>
  </TestDefinitions>
  <TestLists>
    <TestList name="Results Not in a List" id="8c84fa94-04c1-424b-9868-57a2d4851a1d" />
    <TestList name="All Loaded Results" id="19431567-8539-422a-85d7-44ee4e166bda" />
  </TestLists>
  <TestEntries>
    <TestEntry testId="17f50587-19d8-dde3-bd5b-cb76306ace24" executionId="de041a09-df11-410e-92ff-cef9c4ae75cc" testListId="8c84fa94-04c1-424b-9868-57a2d4851a1d" />
    <TestEntry testId="b91fa616-0ff2-9a17-40a2-80c6140b954d" executionId="c58e93d3-7665-4181-a99e-6841c8f6abbe" testListId="8c84fa94-04c1-424b-9868-57a2d4851a1d" />
    <TestEntry testId="d7e26e5b-78cf-862a-100a-09453089ead9" executionId="ea43a2c5-0df7-411b-881b-1bebeca83c17" testListId="8c84fa94-04c1-424b-9868-57a2d4851a1d" />
    <TestEntry testId="d3e09995-aead-78fe-6fa0-62b939aa76e3" executionId="d89c97bc-8e0f-48f9-9c10-0460c4d85727" testListId="8c84fa94-04c1-424b-9868-57a2d4851a1d" />
    <TestEntry testId="d6226520-4bdb-a246-f9a4-888a484bf2c8" executionId="a7b06098-701a-49d3-bfc1-7fc109e4b9ca" testListId="8c84fa94-04c1-424b-9868-57a2d4851a1d" />
    <TestEntry testId="eea61b94-a41c-8532-c3ee-0fbb1654ba0e" executionId="c46fae4b-ff71-4998-b908-be0ee8fef692" testListId="8c84fa94-04c1-424b-9868-57a2d4851a1d" />
    <TestEntry testId="ef1a20ca-3287-da58-98a3-914047588bce" executionId="87df00c5-a948-463e-b725-8592073aea72" testListId="8c84fa94-04c1-424b-9868-57a2d4851a1d" />
  </TestEntries>
  <Results>
    <UnitTestResult executionId="de041a09-df11-410e-92ff-cef9c4ae75cc" testId="17f50587-19d8-dde3-bd5b-cb76306ace24" testName="TestShouldBeAbleToOpenSavingsAccountForAUser" computerName="MANJUNATH" duration="00:00:00.0243453" startTime="2011-03-07T17:44:53.2500000+05:30" endTime="2011-03-07T17:44:53.5937500+05:30" testType="13cdc9d9-ddb5-4fa4-a97d-d965ccfc6d4b" outcome="Passed" testListId="8c84fa94-04c1-424b-9868-57a2d4851a1d" relativeResultsDirectory="de041a09-df11-410e-92ff-cef9c4ae75cc">
    </UnitTestResult>
    <UnitTestResult executionId="c58e93d3-7665-4181-a99e-6841c8f6abbe" testId="b91fa616-0ff2-9a17-40a2-80c6140b954d" testName="TestToCheckIftwoAccountsGenerateDifferentAccountNumber" computerName="MANJUNATH" duration="00:00:00.0004542" startTime="2011-03-07T17:44:53.6093750+05:30" endTime="2011-03-07T17:44:53.6250000+05:30" testType="13cdc9d9-ddb5-4fa4-a97d-d965ccfc6d4b" outcome="Passed" testListId="8c84fa94-04c1-424b-9868-57a2d4851a1d" relativeResultsDirectory="c58e93d3-7665-4181-a99e-6841c8f6abbe">
    </UnitTestResult>
    <UnitTestResult executionId="ea43a2c5-0df7-411b-881b-1bebeca83c17" testId="d7e26e5b-78cf-862a-100a-09453089ead9" testName="TestShouldBeAbleToOpenCurrentAccountForAUser" computerName="MANJUNATH" duration="00:00:00.0003774" startTime="2011-03-07T17:44:53.6250000+05:30" endTime="2011-03-07T17:44:53.6406250+05:30" testType="13cdc9d9-ddb5-4fa4-a97d-d965ccfc6d4b" outcome="Passed" testListId="8c84fa94-04c1-424b-9868-57a2d4851a1d" relativeResultsDirectory="ea43a2c5-0df7-411b-881b-1bebeca83c17">
    </UnitTestResult>
    <UnitTestResult executionId="d89c97bc-8e0f-48f9-9c10-0460c4d85727" testId="d3e09995-aead-78fe-6fa0-62b939aa76e3" testName="TestShouldBeAbleToOpenAccountForAUser" computerName="MANJUNATH" duration="00:00:00.0018167" startTime="2011-03-07T17:44:53.6562500+05:30" endTime="2011-03-07T17:44:53.6562500+05:30" testType="13cdc9d9-ddb5-4fa4-a97d-d965ccfc6d4b" outcome="Passed" testListId="8c84fa94-04c1-424b-9868-57a2d4851a1d" relativeResultsDirectory="d89c97bc-8e0f-48f9-9c10-0460c4d85727">
    </UnitTestResult>
    <UnitTestResult executionId="a7b06098-701a-49d3-bfc1-7fc109e4b9ca" testId="d6226520-4bdb-a246-f9a4-888a484bf2c8" testName="TestUserShouldBeAbleToDepositAmounttoAccount" computerName="MANJUNATH" duration="00:00:00.0013113" startTime="2011-03-07T17:44:53.6718750+05:30" endTime="2011-03-07T17:44:53.6718750+05:30" testType="13cdc9d9-ddb5-4fa4-a97d-d965ccfc6d4b" outcome="Passed" testListId="8c84fa94-04c1-424b-9868-57a2d4851a1d" relativeResultsDirectory="a7b06098-701a-49d3-bfc1-7fc109e4b9ca">
    </UnitTestResult>
    <UnitTestResult executionId="c46fae4b-ff71-4998-b908-be0ee8fef692" testId="eea61b94-a41c-8532-c3ee-0fbb1654ba0e" testName="TestUserShouldBeAbleToWithdrawAmountFromAccount" computerName="MANJUNATH" duration="00:00:00.0016014" startTime="2011-03-07T17:44:53.6875000+05:30" endTime="2011-03-07T17:44:53.7031250+05:30" testType="13cdc9d9-ddb5-4fa4-a97d-d965ccfc6d4b" outcome="Passed" testListId="8c84fa94-04c1-424b-9868-57a2d4851a1d" relativeResultsDirectory="c46fae4b-ff71-4998-b908-be0ee8fef692">
    </UnitTestResult>
    <UnitTestResult executionId="87df00c5-a948-463e-b725-8592073aea72" testId="ef1a20ca-3287-da58-98a3-914047588bce" testName="TestUserShouldNotBeAbleToWithdrawAmountBeyondPreviousBalanceFromAccount" computerName="MANJUNATH" duration="00:00:00.0006033" startTime="2011-03-07T17:44:53.7031250+05:30" endTime="2011-03-07T17:44:53.7343750+05:30" testType="13cdc9d9-ddb5-4fa4-a97d-d965ccfc6d4b" outcome="Passed" testListId="8c84fa94-04c1-424b-9868-57a2d4851a1d" relativeResultsDirectory="87df00c5-a948-463e-b725-8592073aea72">
    </UnitTestResult>
  </Results>
</TestRun>