<?xml version="1.0" encoding="UTF-8"?>
<TestRun id="cccab480-145f-4f8f-93cf-9f967ab8ed79" name="Administrator@MANJUNATH 2011-03-07 18:19:58" runUser="MANJUNATH\Administrator" xmlns="http://microsoft.com/schemas/VisualStudio/TeamTest/2010">
  <TestSettings name="Local" id="45e0df11-2752-4fbe-8a5c-feebb6b64842">
    <Description>These are default test settings for a local test run.</Description>
    <Deployment enabled="false" runDeploymentRoot="Administrator_MANJUNATH 2011-03-07 18_19_58">
      <DeploymentItem filename="C:\Documents and Settings\Administrator\My Documents\Visual Studio 2010\Projects\ABCBank\ABCBank\bin\Debug\ABCBank.dll" />
    </Deployment>
    <Execution>
      <TestTypeSpecific />
      <AgentRule name="Execution Agents">
      </AgentRule>
    </Execution>
  </TestSettings>
  <Times creation="2011-03-07T18:19:58.6406250+05:30" queuing="2011-03-07T18:19:58.7187500+05:30" start="2011-03-07T18:19:58.7500000+05:30" finish="2011-03-07T18:19:59.3125000+05:30" />
  <ResultSummary outcome="Failed">
    <Counters total="7" executed="7" passed="6" error="0" failed="1" timeout="0" aborted="0" inconclusive="0" passedButRunAborted="0" notRunnable="0" notExecuted="0" disconnected="0" warning="0" completed="0" inProgress="0" pending="0" />
  </ResultSummary>
  <TestDefinitions>
    <UnitTest name="TestUserShouldBeAbleToDepositAmounttoAccount" storage="c:\documents and settings\administrator\my documents\visual studio 2010\projects\abcbank\testabcbank\testabcbank\bin\debug\testabcbank.dll" id="d6226520-4bdb-a246-f9a4-888a484bf2c8">
      <Execution id="60bc89d8-ccbd-42ce-aafb-f69b2a34e4df" />
      <TestMethod codeBase="C:/Documents and Settings/Administrator/My Documents/Visual Studio 2010/Projects/ABCBank/TestABCBank/TestABCBank/bin/Debug/TestABCBank.DLL" adapterTypeName="Microsoft.VisualStudio.TestTools.TestTypes.Unit.UnitTestAdapter, Microsoft.VisualStudio.QualityTools.Tips.UnitTest.Adapter, Version=10.0.0.0, Culture=neutral, PublicKeyToken=b03f5f7f11d50a3a" className="TestABCBank.TestABCBank, TestABCBank, Version=1.0.0.0, Culture=neutral, PublicKeyToken=null" name="TestUserShouldBeAbleToDepositAmounttoAccount" />
    </UnitTest>
    <UnitTest name="TestShouldBeAbleToOpenAccountForAUser" storage="c:\documents and settings\administrator\my documents\visual studio 2010\projects\abcbank\testabcbank\testabcbank\bin\debug\testabcbank.dll" id="d3e09995-aead-78fe-6fa0-62b939aa76e3">
      <Execution id="b1fe60c2-d11f-4d9b-af1a-348805e474cc" />
      <TestMethod codeBase="C:/Documents and Settings/Administrator/My Documents/Visual Studio 2010/Projects/ABCBank/TestABCBank/TestABCBank/bin/Debug/TestABCBank.DLL" adapterTypeName="Microsoft.VisualStudio.TestTools.TestTypes.Unit.UnitTestAdapter, Microsoft.VisualStudio.QualityTools.Tips.UnitTest.Adapter, Version=10.0.0.0, Culture=neutral, PublicKeyToken=b03f5f7f11d50a3a" className="TestABCBank.TestABCBank, TestABCBank, Version=1.0.0.0, Culture=neutral, PublicKeyToken=null" name="TestShouldBeAbleToOpenAccountForAUser" />
    </UnitTest>
    <UnitTest name="TestShouldBeAbleToOpenCurrentAccountForAUser" storage="c:\documents and settings\administrator\my documents\visual studio 2010\projects\abcbank\testabcbank\testabcbank\bin\debug\testabcbank.dll" id="d7e26e5b-78cf-862a-100a-09453089ead9">
      <Execution id="863a6c23-fc94-410d-8df4-a85837c03946" />
      <TestMethod codeBase="C:/Documents and Settings/Administrator/My Documents/Visual Studio 2010/Projects/ABCBank/TestABCBank/TestABCBank/bin/Debug/TestABCBank.DLL" adapterTypeName="Microsoft.VisualStudio.TestTools.TestTypes.Unit.UnitTestAdapter, Microsoft.VisualStudio.QualityTools.Tips.UnitTest.Adapter, Version=10.0.0.0, Culture=neutral, PublicKeyToken=b03f5f7f11d50a3a" className="TestABCBank.TestABCBank, TestABCBank, Version=1.0.0.0, Culture=neutral, PublicKeyToken=null" name="TestShouldBeAbleToOpenCurrentAccountForAUser" />
    </UnitTest>
    <UnitTest name="TestShouldBeAbleToOpenSavingsAccountForAUser" storage="c:\documents and settings\administrator\my documents\visual studio 2010\projects\abcbank\testabcbank\testabcbank\bin\debug\testabcbank.dll" id="17f50587-19d8-dde3-bd5b-cb76306ace24">
      <Execution id="04db801e-af43-4693-bfef-4fa7a5cfa471" />
      <TestMethod codeBase="C:/Documents and Settings/Administrator/My Documents/Visual Studio 2010/Projects/ABCBank/TestABCBank/TestABCBank/bin/Debug/TestABCBank.DLL" adapterTypeName="Microsoft.VisualStudio.TestTools.TestTypes.Unit.UnitTestAdapter, Microsoft.VisualStudio.QualityTools.Tips.UnitTest.Adapter, Version=10.0.0.0, Culture=neutral, PublicKeyToken=b03f5f7f11d50a3a" className="TestABCBank.TestABCBank, TestABCBank, Version=1.0.0.0, Culture=neutral, PublicKeyToken=null" name="TestShouldBeAbleToOpenSavingsAccountForAUser" />
    </UnitTest>
    <UnitTest name="TestToCheckIftwoAccountsGenerateDifferentAccountNumber" storage="c:\documents and settings\administrator\my documents\visual studio 2010\projects\abcbank\testabcbank\testabcbank\bin\debug\testabcbank.dll" id="b91fa616-0ff2-9a17-40a2-80c6140b954d">
      <Execution id="ef9355c9-a572-4394-8d62-09a60526edef" />
      <TestMethod codeBase="C:/Documents and Settings/Administrator/My Documents/Visual Studio 2010/Projects/ABCBank/TestABCBank/TestABCBank/bin/Debug/TestABCBank.DLL" adapterTypeName="Microsoft.VisualStudio.TestTools.TestTypes.Unit.UnitTestAdapter, Microsoft.VisualStudio.QualityTools.Tips.UnitTest.Adapter, Version=10.0.0.0, Culture=neutral, PublicKeyToken=b03f5f7f11d50a3a" className="TestABCBank.TestABCBank, TestABCBank, Version=1.0.0.0, Culture=neutral, PublicKeyToken=null" name="TestToCheckIftwoAccountsGenerateDifferentAccountNumber" />
    </UnitTest>
    <UnitTest name="TestUserShouldNotBeAbleToWithdrawAmountBeyondPreviousBalanceFromAccount" storage="c:\documents and settings\administrator\my documents\visual studio 2010\projects\abcbank\testabcbank\testabcbank\bin\debug\testabcbank.dll" id="ef1a20ca-3287-da58-98a3-914047588bce">
      <Execution id="0a6981d0-57df-4731-aea8-e886fe90bb92" />
      <TestMethod codeBase="C:/Documents and Settings/Administrator/My Documents/Visual Studio 2010/Projects/ABCBank/TestABCBank/TestABCBank/bin/Debug/TestABCBank.DLL" adapterTypeName="Microsoft.VisualStudio.TestTools.TestTypes.Unit.UnitTestAdapter, Microsoft.VisualStudio.QualityTools.Tips.UnitTest.Adapter, Version=10.0.0.0, Culture=neutral, PublicKeyToken=b03f5f7f11d50a3a" className="TestABCBank.TestABCBank, TestABCBank, Version=1.0.0.0, Culture=neutral, PublicKeyToken=null" name="TestUserShouldNotBeAbleToWithdrawAmountBeyondPreviousBalanceFromAccount" />
    </UnitTest>
    <UnitTest name="TestUserShouldBeAbleToWithdrawAmountFromAccount" storage="c:\documents and settings\administrator\my documents\visual studio 2010\projects\abcbank\testabcbank\testabcbank\bin\debug\testabcbank.dll" id="eea61b94-a41c-8532-c3ee-0fbb1654ba0e">
      <Execution id="f34b5ca9-a0fd-42b0-ab92-4627a714730f" />
      <TestMethod codeBase="C:/Documents and Settings/Administrator/My Documents/Visual Studio 2010/Projects/ABCBank/TestABCBank/TestABCBank/bin/Debug/TestABCBank.DLL" adapterTypeName="Microsoft.VisualStudio.TestTools.TestTypes.Unit.UnitTestAdapter, Microsoft.VisualStudio.QualityTools.Tips.UnitTest.Adapter, Version=10.0.0.0, Culture=neutral, PublicKeyToken=b03f5f7f11d50a3a" className="TestABCBank.TestABCBank, TestABCBank, Version=1.0.0.0, Culture=neutral, PublicKeyToken=null" name="TestUserShouldBeAbleToWithdrawAmountFromAccount" />
    </UnitTest>
  </TestDefinitions>
  <TestLists>
    <TestList name="Results Not in a List" id="8c84fa94-04c1-424b-9868-57a2d4851a1d" />
    <TestList name="All Loaded Results" id="19431567-8539-422a-85d7-44ee4e166bda" />
  </TestLists>
  <TestEntries>
    <TestEntry testId="17f50587-19d8-dde3-bd5b-cb76306ace24" executionId="04db801e-af43-4693-bfef-4fa7a5cfa471" testListId="8c84fa94-04c1-424b-9868-57a2d4851a1d" />
    <TestEntry testId="b91fa616-0ff2-9a17-40a2-80c6140b954d" executionId="ef9355c9-a572-4394-8d62-09a60526edef" testListId="8c84fa94-04c1-424b-9868-57a2d4851a1d" />
    <TestEntry testId="d7e26e5b-78cf-862a-100a-09453089ead9" executionId="863a6c23-fc94-410d-8df4-a85837c03946" testListId="8c84fa94-04c1-424b-9868-57a2d4851a1d" />
    <TestEntry testId="d3e09995-aead-78fe-6fa0-62b939aa76e3" executionId="b1fe60c2-d11f-4d9b-af1a-348805e474cc" testListId="8c84fa94-04c1-424b-9868-57a2d4851a1d" />
    <TestEntry testId="d6226520-4bdb-a246-f9a4-888a484bf2c8" executionId="60bc89d8-ccbd-42ce-aafb-f69b2a34e4df" testListId="8c84fa94-04c1-424b-9868-57a2d4851a1d" />
    <TestEntry testId="eea61b94-a41c-8532-c3ee-0fbb1654ba0e" executionId="f34b5ca9-a0fd-42b0-ab92-4627a714730f" testListId="8c84fa94-04c1-424b-9868-57a2d4851a1d" />
    <TestEntry testId="ef1a20ca-3287-da58-98a3-914047588bce" executionId="0a6981d0-57df-4731-aea8-e886fe90bb92" testListId="8c84fa94-04c1-424b-9868-57a2d4851a1d" />
  </TestEntries>
  <Results>
    <UnitTestResult executionId="04db801e-af43-4693-bfef-4fa7a5cfa471" testId="17f50587-19d8-dde3-bd5b-cb76306ace24" testName="TestShouldBeAbleToOpenSavingsAccountForAUser" computerName="MANJUNATH" duration="00:00:00.0329379" startTime="2011-03-07T18:19:58.7500000+05:30" endTime="2011-03-07T18:19:59.1250000+05:30" testType="13cdc9d9-ddb5-4fa4-a97d-d965ccfc6d4b" outcome="Passed" testListId="8c84fa94-04c1-424b-9868-57a2d4851a1d" relativeResultsDirectory="04db801e-af43-4693-bfef-4fa7a5cfa471">
    </UnitTestResult>
    <UnitTestResult executionId="ef9355c9-a572-4394-8d62-09a60526edef" testId="b91fa616-0ff2-9a17-40a2-80c6140b954d" testName="TestToCheckIftwoAccountsGenerateDifferentAccountNumber" computerName="MANJUNATH" duration="00:00:00.0005056" startTime="2011-03-07T18:19:59.1406250+05:30" endTime="2011-03-07T18:19:59.1562500+05:30" testType="13cdc9d9-ddb5-4fa4-a97d-d965ccfc6d4b" outcome="Passed" testListId="8c84fa94-04c1-424b-9868-57a2d4851a1d" relativeResultsDirectory="ef9355c9-a572-4394-8d62-09a60526edef">
    </UnitTestResult>
    <UnitTestResult executionId="863a6c23-fc94-410d-8df4-a85837c03946" testId="d7e26e5b-78cf-862a-100a-09453089ead9" testName="TestShouldBeAbleToOpenCurrentAccountForAUser" computerName="MANJUNATH" duration="00:00:00.0004594" startTime="2011-03-07T18:19:59.1562500+05:30" endTime="2011-03-07T18:19:59.1718750+05:30" testType="13cdc9d9-ddb5-4fa4-a97d-d965ccfc6d4b" outcome="Passed" testListId="8c84fa94-04c1-424b-9868-57a2d4851a1d" relativeResultsDirectory="863a6c23-fc94-410d-8df4-a85837c03946">
    </UnitTestResult>
    <UnitTestResult executionId="b1fe60c2-d11f-4d9b-af1a-348805e474cc" testId="d3e09995-aead-78fe-6fa0-62b939aa76e3" testName="TestShouldBeAbleToOpenAccountForAUser" computerName="MANJUNATH" duration="00:00:00.0010775" startTime="2011-03-07T18:19:59.1875000+05:30" endTime="2011-03-07T18:19:59.2031250+05:30" testType="13cdc9d9-ddb5-4fa4-a97d-d965ccfc6d4b" outcome="Passed" testListId="8c84fa94-04c1-424b-9868-57a2d4851a1d" relativeResultsDirectory="b1fe60c2-d11f-4d9b-af1a-348805e474cc">
    </UnitTestResult>
    <UnitTestResult executionId="60bc89d8-ccbd-42ce-aafb-f69b2a34e4df" testId="d6226520-4bdb-a246-f9a4-888a484bf2c8" testName="TestUserShouldBeAbleToDepositAmounttoAccount" computerName="MANJUNATH" duration="00:00:00.0004962" startTime="2011-03-07T18:19:59.2031250+05:30" endTime="2011-03-07T18:19:59.2187500+05:30" testType="13cdc9d9-ddb5-4fa4-a97d-d965ccfc6d4b" outcome="Passed" testListId="8c84fa94-04c1-424b-9868-57a2d4851a1d" relativeResultsDirectory="60bc89d8-ccbd-42ce-aafb-f69b2a34e4df">
    </UnitTestResult>
    <UnitTestResult executionId="f34b5ca9-a0fd-42b0-ab92-4627a714730f" testId="eea61b94-a41c-8532-c3ee-0fbb1654ba0e" testName="TestUserShouldBeAbleToWithdrawAmountFromAccount" computerName="MANJUNATH" duration="00:00:00.0006084" startTime="2011-03-07T18:19:59.2187500+05:30" endTime="2011-03-07T18:19:59.2343750+05:30" testType="13cdc9d9-ddb5-4fa4-a97d-d965ccfc6d4b" outcome="Passed" testListId="8c84fa94-04c1-424b-9868-57a2d4851a1d" relativeResultsDirectory="f34b5ca9-a0fd-42b0-ab92-4627a714730f">
    </UnitTestResult>
    <UnitTestResult executionId="0a6981d0-57df-4731-aea8-e886fe90bb92" testId="ef1a20ca-3287-da58-98a3-914047588bce" testName="TestUserShouldNotBeAbleToWithdrawAmountBeyondPreviousBalanceFromAccount" computerName="MANJUNATH" duration="00:00:00.0137660" startTime="2011-03-07T18:19:59.2500000+05:30" endTime="2011-03-07T18:19:59.2656250+05:30" testType="13cdc9d9-ddb5-4fa4-a97d-d965ccfc6d4b" outcome="Failed" testListId="8c84fa94-04c1-424b-9868-57a2d4851a1d" relativeResultsDirectory="0a6981d0-57df-4731-aea8-e886fe90bb92">
      <Output>
        <ErrorInfo>
          <Message>Test method TestABCBank.TestABCBank.TestUserShouldNotBeAbleToWithdrawAmountBeyondPreviousBalanceFromAccount did not throw expected exception System.Exception.</Message>
        </ErrorInfo>
      </Output>
    </UnitTestResult>
  </Results>
</TestRun>