<?xml version="1.0" encoding="UTF-8"?>
<TestRun id="f15f1155-f3f5-4cad-9836-060504aeb6ce" name="Administrator@MANJUNATH 2011-03-07 17:50:19" runUser="MANJUNATH\Administrator" xmlns="http://microsoft.com/schemas/VisualStudio/TeamTest/2010">
  <TestSettings name="Local" id="45e0df11-2752-4fbe-8a5c-feebb6b64842">
    <Description>These are default test settings for a local test run.</Description>
    <Deployment enabled="false" runDeploymentRoot="Administrator_MANJUNATH 2011-03-07 17_50_19">
      <DeploymentItem filename="C:\Documents and Settings\Administrator\My Documents\Visual Studio 2010\Projects\ABCBank\ABCBank\bin\Debug\ABCBank.dll" />
    </Deployment>
    <Execution>
      <TestTypeSpecific />
      <AgentRule name="Execution Agents">
      </AgentRule>
    </Execution>
  </TestSettings>
  <Times creation="2011-03-07T17:50:19.7812500+05:30" queuing="2011-03-07T17:50:19.8125000+05:30" start="2011-03-07T17:50:19.8281250+05:30" finish="2011-03-07T17:50:20.3125000+05:30" />
  <ResultSummary outcome="Failed">
    <Counters total="7" executed="7" passed="6" error="0" failed="1" timeout="0" aborted="0" inconclusive="0" passedButRunAborted="0" notRunnable="0" notExecuted="0" disconnected="0" warning="0" completed="0" inProgress="0" pending="0" />
  </ResultSummary>
  <TestDefinitions>
    <UnitTest name="TestUserShouldBeAbleToDepositAmounttoAccount" storage="c:\documents and settings\administrator\my documents\visual studio 2010\projects\abcbank\testabcbank\testabcbank\bin\debug\testabcbank.dll" id="d6226520-4bdb-a246-f9a4-888a484bf2c8">
      <Execution id="b9ff79c5-cf22-4f17-aadb-b4108c28b2d9" />
      <TestMethod codeBase="C:/Documents and Settings/Administrator/My Documents/Visual Studio 2010/Projects/ABCBank/TestABCBank/TestABCBank/bin/Debug/TestABCBank.DLL" adapterTypeName="Microsoft.VisualStudio.TestTools.TestTypes.Unit.UnitTestAdapter, Microsoft.VisualStudio.QualityTools.Tips.UnitTest.Adapter, Version=10.0.0.0, Culture=neutral, PublicKeyToken=b03f5f7f11d50a3a" className="TestABCBank.TestABCBank, TestABCBank, Version=1.0.0.0, Culture=neutral, PublicKeyToken=null" name="TestUserShouldBeAbleToDepositAmounttoAccount" />
    </UnitTest>
    <UnitTest name="TestShouldBeAbleToOpenAccountForAUser" storage="c:\documents and settings\administrator\my documents\visual studio 2010\projects\abcbank\testabcbank\testabcbank\bin\debug\testabcbank.dll" id="d3e09995-aead-78fe-6fa0-62b939aa76e3">
      <Execution id="4e36cf32-0bf0-4a16-a9e9-7e93368feff8" />
      <TestMethod codeBase="C:/Documents and Settings/Administrator/My Documents/Visual Studio 2010/Projects/ABCBank/TestABCBank/TestABCBank/bin/Debug/TestABCBank.DLL" adapterTypeName="Microsoft.VisualStudio.TestTools.TestTypes.Unit.UnitTestAdapter, Microsoft.VisualStudio.QualityTools.Tips.UnitTest.Adapter, Version=10.0.0.0, Culture=neutral, PublicKeyToken=b03f5f7f11d50a3a" className="TestABCBank.TestABCBank, TestABCBank, Version=1.0.0.0, Culture=neutral, PublicKeyToken=null" name="TestShouldBeAbleToOpenAccountForAUser" />
    </UnitTest>
    <UnitTest name="TestShouldBeAbleToOpenCurrentAccountForAUser" storage="c:\documents and settings\administrator\my documents\visual studio 2010\projects\abcbank\testabcbank\testabcbank\bin\debug\testabcbank.dll" id="d7e26e5b-78cf-862a-100a-09453089ead9">
      <Execution id="ca6b95b6-adcd-47ef-98cc-d3a044e0ab0c" />
      <TestMethod codeBase="C:/Documents and Settings/Administrator/My Documents/Visual Studio 2010/Projects/ABCBank/TestABCBank/TestABCBank/bin/Debug/TestABCBank.DLL" adapterTypeName="Microsoft.VisualStudio.TestTools.TestTypes.Unit.UnitTestAdapter, Microsoft.VisualStudio.QualityTools.Tips.UnitTest.Adapter, Version=10.0.0.0, Culture=neutral, PublicKeyToken=b03f5f7f11d50a3a" className="TestABCBank.TestABCBank, TestABCBank, Version=1.0.0.0, Culture=neutral, PublicKeyToken=null" name="TestShouldBeAbleToOpenCurrentAccountForAUser" />
    </UnitTest>
    <UnitTest name="TestShouldBeAbleToOpenSavingsAccountForAUser" storage="c:\documents and settings\administrator\my documents\visual studio 2010\projects\abcbank\testabcbank\testabcbank\bin\debug\testabcbank.dll" id="17f50587-19d8-dde3-bd5b-cb76306ace24">
      <Execution id="27ea1921-8d15-4e67-ba74-d67dd800f2ca" />
      <TestMethod codeBase="C:/Documents and Settings/Administrator/My Documents/Visual Studio 2010/Projects/ABCBank/TestABCBank/TestABCBank/bin/Debug/TestABCBank.DLL" adapterTypeName="Microsoft.VisualStudio.TestTools.TestTypes.Unit.UnitTestAdapter, Microsoft.VisualStudio.QualityTools.Tips.UnitTest.Adapter, Version=10.0.0.0, Culture=neutral, PublicKeyToken=b03f5f7f11d50a3a" className="TestABCBank.TestABCBank, TestABCBank, Version=1.0.0.0, Culture=neutral, PublicKeyToken=null" name="TestShouldBeAbleToOpenSavingsAccountForAUser" />
    </UnitTest>
    <UnitTest name="TestToCheckIftwoAccountsGenerateDifferentAccountNumber" storage="c:\documents and settings\administrator\my documents\visual studio 2010\projects\abcbank\testabcbank\testabcbank\bin\debug\testabcbank.dll" id="b91fa616-0ff2-9a17-40a2-80c6140b954d">
      <Execution id="cfe935bd-98d9-41e0-bfc3-34ccfc7611a2" />
      <TestMethod codeBase="C:/Documents and Settings/Administrator/My Documents/Visual Studio 2010/Projects/ABCBank/TestABCBank/TestABCBank/bin/Debug/TestABCBank.DLL" adapterTypeName="Microsoft.VisualStudio.TestTools.TestTypes.Unit.UnitTestAdapter, Microsoft.VisualStudio.QualityTools.Tips.UnitTest.Adapter, Version=10.0.0.0, Culture=neutral, PublicKeyToken=b03f5f7f11d50a3a" className="TestABCBank.TestABCBank, TestABCBank, Version=1.0.0.0, Culture=neutral, PublicKeyToken=null" name="TestToCheckIftwoAccountsGenerateDifferentAccountNumber" />
    </UnitTest>
    <UnitTest name="TestUserShouldNotBeAbleToWithdrawAmountBeyondPreviousBalanceFromAccount" storage="c:\documents and settings\administrator\my documents\visual studio 2010\projects\abcbank\testabcbank\testabcbank\bin\debug\testabcbank.dll" id="ef1a20ca-3287-da58-98a3-914047588bce">
      <Execution id="147755ae-6f65-4c3c-87fc-6ecca4e1ca33" />
      <TestMethod codeBase="C:/Documents and Settings/Administrator/My Documents/Visual Studio 2010/Projects/ABCBank/TestABCBank/TestABCBank/bin/Debug/TestABCBank.DLL" adapterTypeName="Microsoft.VisualStudio.TestTools.TestTypes.Unit.UnitTestAdapter, Microsoft.VisualStudio.QualityTools.Tips.UnitTest.Adapter, Version=10.0.0.0, Culture=neutral, PublicKeyToken=b03f5f7f11d50a3a" className="TestABCBank.TestABCBank, TestABCBank, Version=1.0.0.0, Culture=neutral, PublicKeyToken=null" name="TestUserShouldNotBeAbleToWithdrawAmountBeyondPreviousBalanceFromAccount" />
    </UnitTest>
    <UnitTest name="TestUserShouldBeAbleToWithdrawAmountFromAccount" storage="c:\documents and settings\administrator\my documents\visual studio 2010\projects\abcbank\testabcbank\testabcbank\bin\debug\testabcbank.dll" id="eea61b94-a41c-8532-c3ee-0fbb1654ba0e">
      <Execution id="71194659-cec0-467c-ba6a-55530799d18e" />
      <TestMethod codeBase="C:/Documents and Settings/Administrator/My Documents/Visual Studio 2010/Projects/ABCBank/TestABCBank/TestABCBank/bin/Debug/TestABCBank.DLL" adapterTypeName="Microsoft.VisualStudio.TestTools.TestTypes.Unit.UnitTestAdapter, Microsoft.VisualStudio.QualityTools.Tips.UnitTest.Adapter, Version=10.0.0.0, Culture=neutral, PublicKeyToken=b03f5f7f11d50a3a" className="TestABCBank.TestABCBank, TestABCBank, Version=1.0.0.0, Culture=neutral, PublicKeyToken=null" name="TestUserShouldBeAbleToWithdrawAmountFromAccount" />
    </UnitTest>
  </TestDefinitions>
  <TestLists>
    <TestList name="Results Not in a List" id="8c84fa94-04c1-424b-9868-57a2d4851a1d" />
    <TestList name="All Loaded Results" id="19431567-8539-422a-85d7-44ee4e166bda" />
  </TestLists>
  <TestEntries>
    <TestEntry testId="17f50587-19d8-dde3-bd5b-cb76306ace24" executionId="27ea1921-8d15-4e67-ba74-d67dd800f2ca" testListId="8c84fa94-04c1-424b-9868-57a2d4851a1d" />
    <TestEntry testId="b91fa616-0ff2-9a17-40a2-80c6140b954d" executionId="cfe935bd-98d9-41e0-bfc3-34ccfc7611a2" testListId="8c84fa94-04c1-424b-9868-57a2d4851a1d" />
    <TestEntry testId="d7e26e5b-78cf-862a-100a-09453089ead9" executionId="ca6b95b6-adcd-47ef-98cc-d3a044e0ab0c" testListId="8c84fa94-04c1-424b-9868-57a2d4851a1d" />
    <TestEntry testId="d3e09995-aead-78fe-6fa0-62b939aa76e3" executionId="4e36cf32-0bf0-4a16-a9e9-7e93368feff8" testListId="8c84fa94-04c1-424b-9868-57a2d4851a1d" />
    <TestEntry testId="d6226520-4bdb-a246-f9a4-888a484bf2c8" executionId="b9ff79c5-cf22-4f17-aadb-b4108c28b2d9" testListId="8c84fa94-04c1-424b-9868-57a2d4851a1d" />
    <TestEntry testId="eea61b94-a41c-8532-c3ee-0fbb1654ba0e" executionId="71194659-cec0-467c-ba6a-55530799d18e" testListId="8c84fa94-04c1-424b-9868-57a2d4851a1d" />
    <TestEntry testId="ef1a20ca-3287-da58-98a3-914047588bce" executionId="147755ae-6f65-4c3c-87fc-6ecca4e1ca33" testListId="8c84fa94-04c1-424b-9868-57a2d4851a1d" />
  </TestEntries>
  <Results>
    <UnitTestResult executionId="27ea1921-8d15-4e67-ba74-d67dd800f2ca" testId="17f50587-19d8-dde3-bd5b-cb76306ace24" testName="TestShouldBeAbleToOpenSavingsAccountForAUser" computerName="MANJUNATH" duration="00:00:00.0211614" startTime="2011-03-07T17:50:19.8281250+05:30" endTime="2011-03-07T17:50:20.1718750+05:30" testType="13cdc9d9-ddb5-4fa4-a97d-d965ccfc6d4b" outcome="Passed" testListId="8c84fa94-04c1-424b-9868-57a2d4851a1d" relativeResultsDirectory="27ea1921-8d15-4e67-ba74-d67dd800f2ca">
    </UnitTestResult>
    <UnitTestResult executionId="cfe935bd-98d9-41e0-bfc3-34ccfc7611a2" testId="b91fa616-0ff2-9a17-40a2-80c6140b954d" testName="TestToCheckIftwoAccountsGenerateDifferentAccountNumber" computerName="MANJUNATH" duration="00:00:00.0011814" startTime="2011-03-07T17:50:20.1718750+05:30" endTime="2011-03-07T17:50:20.1875000+05:30" testType="13cdc9d9-ddb5-4fa4-a97d-d965ccfc6d4b" outcome="Passed" testListId="8c84fa94-04c1-424b-9868-57a2d4851a1d" relativeResultsDirectory="cfe935bd-98d9-41e0-bfc3-34ccfc7611a2">
    </UnitTestResult>
    <UnitTestResult executionId="ca6b95b6-adcd-47ef-98cc-d3a044e0ab0c" testId="d7e26e5b-78cf-862a-100a-09453089ead9" testName="TestShouldBeAbleToOpenCurrentAccountForAUser" computerName="MANJUNATH" duration="00:00:00.0047928" startTime="2011-03-07T17:50:20.1875000+05:30" endTime="2011-03-07T17:50:20.2031250+05:30" testType="13cdc9d9-ddb5-4fa4-a97d-d965ccfc6d4b" outcome="Passed" testListId="8c84fa94-04c1-424b-9868-57a2d4851a1d" relativeResultsDirectory="ca6b95b6-adcd-47ef-98cc-d3a044e0ab0c">
    </UnitTestResult>
    <UnitTestResult executionId="4e36cf32-0bf0-4a16-a9e9-7e93368feff8" testId="d3e09995-aead-78fe-6fa0-62b939aa76e3" testName="TestShouldBeAbleToOpenAccountForAUser" computerName="MANJUNATH" duration="00:00:00.0004256" startTime="2011-03-07T17:50:20.2031250+05:30" endTime="2011-03-07T17:50:20.2187500+05:30" testType="13cdc9d9-ddb5-4fa4-a97d-d965ccfc6d4b" outcome="Passed" testListId="8c84fa94-04c1-424b-9868-57a2d4851a1d" relativeResultsDirectory="4e36cf32-0bf0-4a16-a9e9-7e93368feff8">
    </UnitTestResult>
    <UnitTestResult executionId="b9ff79c5-cf22-4f17-aadb-b4108c28b2d9" testId="d6226520-4bdb-a246-f9a4-888a484bf2c8" testName="TestUserShouldBeAbleToDepositAmounttoAccount" computerName="MANJUNATH" duration="00:00:00.0005988" startTime="2011-03-07T17:50:20.2187500+05:30" endTime="2011-03-07T17:50:20.2187500+05:30" testType="13cdc9d9-ddb5-4fa4-a97d-d965ccfc6d4b" outcome="Passed" testListId="8c84fa94-04c1-424b-9868-57a2d4851a1d" relativeResultsDirectory="b9ff79c5-cf22-4f17-aadb-b4108c28b2d9">
    </UnitTestResult>
    <UnitTestResult executionId="71194659-cec0-467c-ba6a-55530799d18e" testId="eea61b94-a41c-8532-c3ee-0fbb1654ba0e" testName="TestUserShouldBeAbleToWithdrawAmountFromAccount" computerName="MANJUNATH" duration="00:00:00.0066419" startTime="2011-03-07T17:50:20.2343750+05:30" endTime="2011-03-07T17:50:20.2343750+05:30" testType="13cdc9d9-ddb5-4fa4-a97d-d965ccfc6d4b" outcome="Passed" testListId="8c84fa94-04c1-424b-9868-57a2d4851a1d" relativeResultsDirectory="71194659-cec0-467c-ba6a-55530799d18e">
    </UnitTestResult>
    <UnitTestResult executionId="147755ae-6f65-4c3c-87fc-6ecca4e1ca33" testId="ef1a20ca-3287-da58-98a3-914047588bce" testName="TestUserShouldNotBeAbleToWithdrawAmountBeyondPreviousBalanceFromAccount" computerName="MANJUNATH" duration="00:00:00.0229376" startTime="2011-03-07T17:50:20.2500000+05:30" endTime="2011-03-07T17:50:20.2812500+05:30" testType="13cdc9d9-ddb5-4fa4-a97d-d965ccfc6d4b" outcome="Failed" testListId="8c84fa94-04c1-424b-9868-57a2d4851a1d" relativeResultsDirectory="147755ae-6f65-4c3c-87fc-6ecca4e1ca33">
      <Output>
        <ErrorInfo>
          <Message>Assert.IsTrue failed. </Message>
          <StackTrace>   at TestABCBank.TestABCBank.TestUserShouldNotBeAbleToWithdrawAmountBeyondPreviousBalanceFromAccount() in C:\Documents and Settings\Administrator\My Documents\Visual Studio 2010\Projects\ABCBank\TestABCBank\TestABCBank\TestABCBank.cs:line 105
</StackTrace>
        </ErrorInfo>
      </Output>
    </UnitTestResult>
  </Results>
</TestRun>