<?xml version="1.0" encoding="UTF-8"?>
<TestRun id="da67454a-dcfb-43fa-820a-497833676aaf" name="Administrator@MANJUNATH 2011-03-07 17:49:52" runUser="MANJUNATH\Administrator" xmlns="http://microsoft.com/schemas/VisualStudio/TeamTest/2010">
  <TestSettings name="Local" id="45e0df11-2752-4fbe-8a5c-feebb6b64842">
    <Description>These are default test settings for a local test run.</Description>
    <Deployment enabled="false" runDeploymentRoot="Administrator_MANJUNATH 2011-03-07 17_49_52">
      <DeploymentItem filename="C:\Documents and Settings\Administrator\My Documents\Visual Studio 2010\Projects\ABCBank\ABCBank\bin\Debug\ABCBank.dll" />
    </Deployment>
    <Execution>
      <TestTypeSpecific />
      <AgentRule name="Execution Agents">
      </AgentRule>
    </Execution>
  </TestSettings>
  <Times creation="2011-03-07T17:49:52.3906250+05:30" queuing="2011-03-07T17:49:52.4218750+05:30" start="2011-03-07T17:49:52.4375000+05:30" finish="2011-03-07T17:49:52.9375000+05:30" />
  <ResultSummary outcome="Completed">
    <Counters total="7" executed="7" passed="7" error="0" failed="0" timeout="0" aborted="0" inconclusive="0" passedButRunAborted="0" notRunnable="0" notExecuted="0" disconnected="0" warning="0" completed="0" inProgress="0" pending="0" />
  </ResultSummary>
  <TestDefinitions>
    <UnitTest name="TestUserShouldBeAbleToDepositAmounttoAccount" storage="c:\documents and settings\administrator\my documents\visual studio 2010\projects\abcbank\testabcbank\testabcbank\bin\debug\testabcbank.dll" id="d6226520-4bdb-a246-f9a4-888a484bf2c8">
      <Execution id="1c0df3e5-d435-48f9-8a90-081f6b71da96" />
      <TestMethod codeBase="C:/Documents and Settings/Administrator/My Documents/Visual Studio 2010/Projects/ABCBank/TestABCBank/TestABCBank/bin/Debug/TestABCBank.DLL" adapterTypeName="Microsoft.VisualStudio.TestTools.TestTypes.Unit.UnitTestAdapter, Microsoft.VisualStudio.QualityTools.Tips.UnitTest.Adapter, Version=10.0.0.0, Culture=neutral, PublicKeyToken=b03f5f7f11d50a3a" className="TestABCBank.TestABCBank, TestABCBank, Version=1.0.0.0, Culture=neutral, PublicKeyToken=null" name="TestUserShouldBeAbleToDepositAmounttoAccount" />
    </UnitTest>
    <UnitTest name="TestShouldBeAbleToOpenAccountForAUser" storage="c:\documents and settings\administrator\my documents\visual studio 2010\projects\abcbank\testabcbank\testabcbank\bin\debug\testabcbank.dll" id="d3e09995-aead-78fe-6fa0-62b939aa76e3">
      <Execution id="f0e06e82-4218-4687-b5e3-6d6f8a8059b2" />
      <TestMethod codeBase="C:/Documents and Settings/Administrator/My Documents/Visual Studio 2010/Projects/ABCBank/TestABCBank/TestABCBank/bin/Debug/TestABCBank.DLL" adapterTypeName="Microsoft.VisualStudio.TestTools.TestTypes.Unit.UnitTestAdapter, Microsoft.VisualStudio.QualityTools.Tips.UnitTest.Adapter, Version=10.0.0.0, Culture=neutral, PublicKeyToken=b03f5f7f11d50a3a" className="TestABCBank.TestABCBank, TestABCBank, Version=1.0.0.0, Culture=neutral, PublicKeyToken=null" name="TestShouldBeAbleToOpenAccountForAUser" />
    </UnitTest>
    <UnitTest name="TestShouldBeAbleToOpenCurrentAccountForAUser" storage="c:\documents and settings\administrator\my documents\visual studio 2010\projects\abcbank\testabcbank\testabcbank\bin\debug\testabcbank.dll" id="d7e26e5b-78cf-862a-100a-09453089ead9">
      <Execution id="b790022a-0569-45a3-ae6e-7881e57f5fb2" />
      <TestMethod codeBase="C:/Documents and Settings/Administrator/My Documents/Visual Studio 2010/Projects/ABCBank/TestABCBank/TestABCBank/bin/Debug/TestABCBank.DLL" adapterTypeName="Microsoft.VisualStudio.TestTools.TestTypes.Unit.UnitTestAdapter, Microsoft.VisualStudio.QualityTools.Tips.UnitTest.Adapter, Version=10.0.0.0, Culture=neutral, PublicKeyToken=b03f5f7f11d50a3a" className="TestABCBank.TestABCBank, TestABCBank, Version=1.0.0.0, Culture=neutral, PublicKeyToken=null" name="TestShouldBeAbleToOpenCurrentAccountForAUser" />
    </UnitTest>
    <UnitTest name="TestShouldBeAbleToOpenSavingsAccountForAUser" storage="c:\documents and settings\administrator\my documents\visual studio 2010\projects\abcbank\testabcbank\testabcbank\bin\debug\testabcbank.dll" id="17f50587-19d8-dde3-bd5b-cb76306ace24">
      <Execution id="948ea481-f9c1-4da1-817e-3cbd12b59acb" />
      <TestMethod codeBase="C:/Documents and Settings/Administrator/My Documents/Visual Studio 2010/Projects/ABCBank/TestABCBank/TestABCBank/bin/Debug/TestABCBank.DLL" adapterTypeName="Microsoft.VisualStudio.TestTools.TestTypes.Unit.UnitTestAdapter, Microsoft.VisualStudio.QualityTools.Tips.UnitTest.Adapter, Version=10.0.0.0, Culture=neutral, PublicKeyToken=b03f5f7f11d50a3a" className="TestABCBank.TestABCBank, TestABCBank, Version=1.0.0.0, Culture=neutral, PublicKeyToken=null" name="TestShouldBeAbleToOpenSavingsAccountForAUser" />
    </UnitTest>
    <UnitTest name="TestToCheckIftwoAccountsGenerateDifferentAccountNumber" storage="c:\documents and settings\administrator\my documents\visual studio 2010\projects\abcbank\testabcbank\testabcbank\bin\debug\testabcbank.dll" id="b91fa616-0ff2-9a17-40a2-80c6140b954d">
      <Execution id="e54924b0-652c-4cde-8b11-be1657e60eca" />
      <TestMethod codeBase="C:/Documents and Settings/Administrator/My Documents/Visual Studio 2010/Projects/ABCBank/TestABCBank/TestABCBank/bin/Debug/TestABCBank.DLL" adapterTypeName="Microsoft.VisualStudio.TestTools.TestTypes.Unit.UnitTestAdapter, Microsoft.VisualStudio.QualityTools.Tips.UnitTest.Adapter, Version=10.0.0.0, Culture=neutral, PublicKeyToken=b03f5f7f11d50a3a" className="TestABCBank.TestABCBank, TestABCBank, Version=1.0.0.0, Culture=neutral, PublicKeyToken=null" name="TestToCheckIftwoAccountsGenerateDifferentAccountNumber" />
    </UnitTest>
    <UnitTest name="TestUserShouldNotBeAbleToWithdrawAmountBeyondPreviousBalanceFromAccount" storage="c:\documents and settings\administrator\my documents\visual studio 2010\projects\abcbank\testabcbank\testabcbank\bin\debug\testabcbank.dll" id="ef1a20ca-3287-da58-98a3-914047588bce">
      <Execution id="447172d8-56f8-4eda-9ba9-42c334ff27fa" />
      <TestMethod codeBase="C:/Documents and Settings/Administrator/My Documents/Visual Studio 2010/Projects/ABCBank/TestABCBank/TestABCBank/bin/Debug/TestABCBank.DLL" adapterTypeName="Microsoft.VisualStudio.TestTools.TestTypes.Unit.UnitTestAdapter, Microsoft.VisualStudio.QualityTools.Tips.UnitTest.Adapter, Version=10.0.0.0, Culture=neutral, PublicKeyToken=b03f5f7f11d50a3a" className="TestABCBank.TestABCBank, TestABCBank, Version=1.0.0.0, Culture=neutral, PublicKeyToken=null" name="TestUserShouldNotBeAbleToWithdrawAmountBeyondPreviousBalanceFromAccount" />
    </UnitTest>
    <UnitTest name="TestUserShouldBeAbleToWithdrawAmountFromAccount" storage="c:\documents and settings\administrator\my documents\visual studio 2010\projects\abcbank\testabcbank\testabcbank\bin\debug\testabcbank.dll" id="eea61b94-a41c-8532-c3ee-0fbb1654ba0e">
      <Execution id="0bc0fc54-9a8a-4497-82f6-c2961cc271c7" />
      <TestMethod codeBase="C:/Documents and Settings/Administrator/My Documents/Visual Studio 2010/Projects/ABCBank/TestABCBank/TestABCBank/bin/Debug/TestABCBank.DLL" adapterTypeName="Microsoft.VisualStudio.TestTools.TestTypes.Unit.UnitTestAdapter, Microsoft.VisualStudio.QualityTools.Tips.UnitTest.Adapter, Version=10.0.0.0, Culture=neutral, PublicKeyToken=b03f5f7f11d50a3a" className="TestABCBank.TestABCBank, TestABCBank, Version=1.0.0.0, Culture=neutral, PublicKeyToken=null" name="TestUserShouldBeAbleToWithdrawAmountFromAccount" />
    </UnitTest>
  </TestDefinitions>
  <TestLists>
    <TestList name="Results Not in a List" id="8c84fa94-04c1-424b-9868-57a2d4851a1d" />
    <TestList name="All Loaded Results" id="19431567-8539-422a-85d7-44ee4e166bda" />
  </TestLists>
  <TestEntries>
    <TestEntry testId="17f50587-19d8-dde3-bd5b-cb76306ace24" executionId="948ea481-f9c1-4da1-817e-3cbd12b59acb" testListId="8c84fa94-04c1-424b-9868-57a2d4851a1d" />
    <TestEntry testId="b91fa616-0ff2-9a17-40a2-80c6140b954d" executionId="e54924b0-652c-4cde-8b11-be1657e60eca" testListId="8c84fa94-04c1-424b-9868-57a2d4851a1d" />
    <TestEntry testId="d7e26e5b-78cf-862a-100a-09453089ead9" executionId="b790022a-0569-45a3-ae6e-7881e57f5fb2" testListId="8c84fa94-04c1-424b-9868-57a2d4851a1d" />
    <TestEntry testId="d3e09995-aead-78fe-6fa0-62b939aa76e3" executionId="f0e06e82-4218-4687-b5e3-6d6f8a8059b2" testListId="8c84fa94-04c1-424b-9868-57a2d4851a1d" />
    <TestEntry testId="d6226520-4bdb-a246-f9a4-888a484bf2c8" executionId="1c0df3e5-d435-48f9-8a90-081f6b71da96" testListId="8c84fa94-04c1-424b-9868-57a2d4851a1d" />
    <TestEntry testId="eea61b94-a41c-8532-c3ee-0fbb1654ba0e" executionId="0bc0fc54-9a8a-4497-82f6-c2961cc271c7" testListId="8c84fa94-04c1-424b-9868-57a2d4851a1d" />
    <TestEntry testId="ef1a20ca-3287-da58-98a3-914047588bce" executionId="447172d8-56f8-4eda-9ba9-42c334ff27fa" testListId="8c84fa94-04c1-424b-9868-57a2d4851a1d" />
  </TestEntries>
  <Results>
    <UnitTestResult executionId="948ea481-f9c1-4da1-817e-3cbd12b59acb" testId="17f50587-19d8-dde3-bd5b-cb76306ace24" testName="TestShouldBeAbleToOpenSavingsAccountForAUser" computerName="MANJUNATH" duration="00:00:00.0262756" startTime="2011-03-07T17:49:52.4531250+05:30" endTime="2011-03-07T17:49:52.7968750+05:30" testType="13cdc9d9-ddb5-4fa4-a97d-d965ccfc6d4b" outcome="Passed" testListId="8c84fa94-04c1-424b-9868-57a2d4851a1d" relativeResultsDirectory="948ea481-f9c1-4da1-817e-3cbd12b59acb">
    </UnitTestResult>
    <UnitTestResult executionId="e54924b0-652c-4cde-8b11-be1657e60eca" testId="b91fa616-0ff2-9a17-40a2-80c6140b954d" testName="TestToCheckIftwoAccountsGenerateDifferentAccountNumber" computerName="MANJUNATH" duration="00:00:00.0004133" startTime="2011-03-07T17:49:52.8125000+05:30" endTime="2011-03-07T17:49:52.8125000+05:30" testType="13cdc9d9-ddb5-4fa4-a97d-d965ccfc6d4b" outcome="Passed" testListId="8c84fa94-04c1-424b-9868-57a2d4851a1d" relativeResultsDirectory="e54924b0-652c-4cde-8b11-be1657e60eca">
    </UnitTestResult>
    <UnitTestResult executionId="b790022a-0569-45a3-ae6e-7881e57f5fb2" testId="d7e26e5b-78cf-862a-100a-09453089ead9" testName="TestShouldBeAbleToOpenCurrentAccountForAUser" computerName="MANJUNATH" duration="00:00:00.0022581" startTime="2011-03-07T17:49:52.8281250+05:30" endTime="2011-03-07T17:49:52.8281250+05:30" testType="13cdc9d9-ddb5-4fa4-a97d-d965ccfc6d4b" outcome="Passed" testListId="8c84fa94-04c1-424b-9868-57a2d4851a1d" relativeResultsDirectory="b790022a-0569-45a3-ae6e-7881e57f5fb2">
    </UnitTestResult>
    <UnitTestResult executionId="f0e06e82-4218-4687-b5e3-6d6f8a8059b2" testId="d3e09995-aead-78fe-6fa0-62b939aa76e3" testName="TestShouldBeAbleToOpenAccountForAUser" computerName="MANJUNATH" duration="00:00:00.0004330" startTime="2011-03-07T17:49:52.8437500+05:30" endTime="2011-03-07T17:49:52.8437500+05:30" testType="13cdc9d9-ddb5-4fa4-a97d-d965ccfc6d4b" outcome="Passed" testListId="8c84fa94-04c1-424b-9868-57a2d4851a1d" relativeResultsDirectory="f0e06e82-4218-4687-b5e3-6d6f8a8059b2">
    </UnitTestResult>
    <UnitTestResult executionId="1c0df3e5-d435-48f9-8a90-081f6b71da96" testId="d6226520-4bdb-a246-f9a4-888a484bf2c8" testName="TestUserShouldBeAbleToDepositAmounttoAccount" computerName="MANJUNATH" duration="00:00:00.0072604" startTime="2011-03-07T17:49:52.8593750+05:30" endTime="2011-03-07T17:49:52.8593750+05:30" testType="13cdc9d9-ddb5-4fa4-a97d-d965ccfc6d4b" outcome="Passed" testListId="8c84fa94-04c1-424b-9868-57a2d4851a1d" relativeResultsDirectory="1c0df3e5-d435-48f9-8a90-081f6b71da96">
    </UnitTestResult>
    <UnitTestResult executionId="0bc0fc54-9a8a-4497-82f6-c2961cc271c7" testId="eea61b94-a41c-8532-c3ee-0fbb1654ba0e" testName="TestUserShouldBeAbleToWithdrawAmountFromAccount" computerName="MANJUNATH" duration="00:00:00.0006208" startTime="2011-03-07T17:49:52.8750000+05:30" endTime="2011-03-07T17:49:52.8750000+05:30" testType="13cdc9d9-ddb5-4fa4-a97d-d965ccfc6d4b" outcome="Passed" testListId="8c84fa94-04c1-424b-9868-57a2d4851a1d" relativeResultsDirectory="0bc0fc54-9a8a-4497-82f6-c2961cc271c7">
    </UnitTestResult>
    <UnitTestResult executionId="447172d8-56f8-4eda-9ba9-42c334ff27fa" testId="ef1a20ca-3287-da58-98a3-914047588bce" testName="TestUserShouldNotBeAbleToWithdrawAmountBeyondPreviousBalanceFromAccount" computerName="MANJUNATH" duration="00:00:00.0043330" startTime="2011-03-07T17:49:52.8906250+05:30" endTime="2011-03-07T17:49:52.8906250+05:30" testType="13cdc9d9-ddb5-4fa4-a97d-d965ccfc6d4b" outcome="Passed" testListId="8c84fa94-04c1-424b-9868-57a2d4851a1d" relativeResultsDirectory="447172d8-56f8-4eda-9ba9-42c334ff27fa">
    </UnitTestResult>
  </Results>
</TestRun>